{"C:\\Users\\User\\Documents\\GitHub\\GameVault\\frontend\\src\\Pages\\Cadastro.jsx": {"path":"C:\\Users\\User\\Documents\\GitHub\\GameVault\\frontend\\src\\Pages\\Cadastro.jsx","statementMap":{"0":{"start":{"line":6,"column":28},"end":{"line":6,"column":40}},"1":{"start":{"line":7,"column":42},"end":{"line":7,"column":54}},"2":{"start":{"line":8,"column":44},"end":{"line":8,"column":56}},"3":{"start":{"line":9,"column":30},"end":{"line":9,"column":42}},"4":{"start":{"line":10,"column":30},"end":{"line":10,"column":42}},"5":{"start":{"line":11,"column":21},"end":{"line":11,"column":34}},"6":{"start":{"line":13,"column":21},"end":{"line":32,"column":7}},"7":{"start":{"line":14,"column":8},"end":{"line":14,"column":27}},"8":{"start":{"line":16,"column":25},"end":{"line":20,"column":10}},"9":{"start":{"line":22,"column":22},"end":{"line":22,"column":43}},"10":{"start":{"line":24,"column":8},"end":{"line":31,"column":9}},"11":{"start":{"line":25,"column":10},"end":{"line":25,"column":47}},"12":{"start":{"line":26,"column":10},"end":{"line":26,"column":29}},"13":{"start":{"line":27,"column":10},"end":{"line":27,"column":24}},"14":{"start":{"line":30,"column":10},"end":{"line":30,"column":56}},"15":{"start":{"line":34,"column":4},"end":{"line":133,"column":6}},"16":{"start":{"line":52,"column":27},"end":{"line":52,"column":50}},"17":{"start":{"line":63,"column":27},"end":{"line":63,"column":58}},"18":{"start":{"line":74,"column":27},"end":{"line":74,"column":57}},"19":{"start":{"line":85,"column":27},"end":{"line":85,"column":51}},"20":{"start":{"line":96,"column":27},"end":{"line":96,"column":51}}},"fnMap":{"0":{"name":"Cadastro","decl":{"start":{"line":5,"column":24},"end":{"line":5,"column":32}},"loc":{"start":{"line":5,"column":35},"end":{"line":134,"column":1}},"line":5},"1":{"name":"(anonymous_1)","decl":{"start":{"line":13,"column":21},"end":{"line":13,"column":22}},"loc":{"start":{"line":13,"column":34},"end":{"line":32,"column":7}},"line":13},"2":{"name":"(anonymous_2)","decl":{"start":{"line":52,"column":20},"end":{"line":52,"column":21}},"loc":{"start":{"line":52,"column":27},"end":{"line":52,"column":50}},"line":52},"3":{"name":"(anonymous_3)","decl":{"start":{"line":63,"column":20},"end":{"line":63,"column":21}},"loc":{"start":{"line":63,"column":27},"end":{"line":63,"column":58}},"line":63},"4":{"name":"(anonymous_4)","decl":{"start":{"line":74,"column":20},"end":{"line":74,"column":21}},"loc":{"start":{"line":74,"column":27},"end":{"line":74,"column":57}},"line":74},"5":{"name":"(anonymous_5)","decl":{"start":{"line":85,"column":20},"end":{"line":85,"column":21}},"loc":{"start":{"line":85,"column":27},"end":{"line":85,"column":51}},"line":85},"6":{"name":"(anonymous_6)","decl":{"start":{"line":96,"column":20},"end":{"line":96,"column":21}},"loc":{"start":{"line":96,"column":27},"end":{"line":96,"column":51}},"line":96}},"branchMap":{"0":{"loc":{"start":{"line":24,"column":8},"end":{"line":31,"column":9}},"type":"if","locations":[{"start":{"line":24,"column":8},"end":{"line":31,"column":9}},{"start":{"line":29,"column":15},"end":{"line":31,"column":9}}],"line":24},"1":{"loc":{"start":{"line":30,"column":16},"end":{"line":30,"column":54}},"type":"binary-expr","locations":[{"start":{"line":30,"column":16},"end":{"line":30,"column":26}},{"start":{"line":30,"column":30},"end":{"line":30,"column":54}}],"line":30}},"s":{"0":12,"1":12,"2":12,"3":12,"4":12,"5":12,"6":12,"7":2,"8":2,"9":2,"10":2,"11":1,"12":1,"13":1,"14":1,"15":12,"16":2,"17":2,"18":2,"19":2,"20":2},"f":{"0":12,"1":2,"2":2,"3":2,"4":2,"5":2,"6":2},"b":{"0":[1,1],"1":[1,0]},"_coverageSchema":"1a1c01bbd47fc00a2c39e90264f33305004495a9","hash":"0fdd6f33ce2c02761e8698ff935f3ccca2377b74"}
,"C:\\Users\\User\\Documents\\GitHub\\GameVault\\frontend\\src\\Pages\\Cadastro2.jsx": {"path":"C:\\Users\\User\\Documents\\GitHub\\GameVault\\frontend\\src\\Pages\\Cadastro2.jsx","statementMap":{"0":{"start":{"line":6,"column":38},"end":{"line":6,"column":50}},"1":{"start":{"line":7,"column":42},"end":{"line":7,"column":54}},"2":{"start":{"line":8,"column":19},"end":{"line":8,"column":32}},"3":{"start":{"line":9,"column":21},"end":{"line":9,"column":55}},"4":{"start":{"line":12,"column":2},"end":{"line":23,"column":9}},"5":{"start":{"line":14,"column":6},"end":{"line":20,"column":7}},"6":{"start":{"line":15,"column":25},"end":{"line":15,"column":72}},"7":{"start":{"line":16,"column":22},"end":{"line":16,"column":43}},"8":{"start":{"line":17,"column":8},"end":{"line":17,"column":29}},"9":{"start":{"line":19,"column":8},"end":{"line":19,"column":59}},"10":{"start":{"line":22,"column":4},"end":{"line":22,"column":25}},"11":{"start":{"line":25,"column":26},"end":{"line":31,"column":3}},"12":{"start":{"line":26,"column":4},"end":{"line":30,"column":5}},"13":{"start":{"line":27,"column":6},"end":{"line":27,"column":62}},"14":{"start":{"line":27,"column":49},"end":{"line":27,"column":59}},"15":{"start":{"line":29,"column":6},"end":{"line":29,"column":45}},"16":{"start":{"line":32,"column":27},"end":{"line":50,"column":3}},"17":{"start":{"line":33,"column":4},"end":{"line":49,"column":63}},"18":{"start":{"line":42,"column":8},"end":{"line":47,"column":9}},"19":{"start":{"line":43,"column":10},"end":{"line":43,"column":50}},"20":{"start":{"line":44,"column":10},"end":{"line":44,"column":28}},"21":{"start":{"line":46,"column":10},"end":{"line":46,"column":45}},"22":{"start":{"line":49,"column":22},"end":{"line":49,"column":61}},"23":{"start":{"line":52,"column":2},"end":{"line":104,"column":4}},"24":{"start":{"line":74,"column":13},"end":{"line":80,"column":20}},"25":{"start":{"line":76,"column":28},"end":{"line":76,"column":64}}},"fnMap":{"0":{"name":"Cadastro2","decl":{"start":{"line":5,"column":24},"end":{"line":5,"column":33}},"loc":{"start":{"line":5,"column":36},"end":{"line":105,"column":1}},"line":5},"1":{"name":"(anonymous_1)","decl":{"start":{"line":12,"column":12},"end":{"line":12,"column":13}},"loc":{"start":{"line":12,"column":18},"end":{"line":23,"column":3}},"line":12},"2":{"name":"carregarCategorias","decl":{"start":{"line":13,"column":19},"end":{"line":13,"column":37}},"loc":{"start":{"line":13,"column":40},"end":{"line":21,"column":5}},"line":13},"3":{"name":"(anonymous_3)","decl":{"start":{"line":25,"column":26},"end":{"line":25,"column":27}},"loc":{"start":{"line":25,"column":34},"end":{"line":31,"column":3}},"line":25},"4":{"name":"(anonymous_4)","decl":{"start":{"line":27,"column":42},"end":{"line":27,"column":43}},"loc":{"start":{"line":27,"column":49},"end":{"line":27,"column":59}},"line":27},"5":{"name":"(anonymous_5)","decl":{"start":{"line":32,"column":27},"end":{"line":32,"column":28}},"loc":{"start":{"line":32,"column":33},"end":{"line":50,"column":3}},"line":32},"6":{"name":"(anonymous_6)","decl":{"start":{"line":41,"column":12},"end":{"line":41,"column":13}},"loc":{"start":{"line":41,"column":24},"end":{"line":48,"column":7}},"line":41},"7":{"name":"(anonymous_7)","decl":{"start":{"line":49,"column":13},"end":{"line":49,"column":14}},"loc":{"start":{"line":49,"column":22},"end":{"line":49,"column":61}},"line":49},"8":{"name":"(anonymous_8)","decl":{"start":{"line":73,"column":28},"end":{"line":73,"column":29}},"loc":{"start":{"line":74,"column":13},"end":{"line":80,"column":20}},"line":74},"9":{"name":"(anonymous_9)","decl":{"start":{"line":76,"column":22},"end":{"line":76,"column":23}},"loc":{"start":{"line":76,"column":28},"end":{"line":76,"column":64}},"line":76}},"branchMap":{"0":{"loc":{"start":{"line":26,"column":4},"end":{"line":30,"column":5}},"type":"if","locations":[{"start":{"line":26,"column":4},"end":{"line":30,"column":5}},{"start":{"line":28,"column":11},"end":{"line":30,"column":5}}],"line":26},"1":{"loc":{"start":{"line":42,"column":8},"end":{"line":47,"column":9}},"type":"if","locations":[{"start":{"line":42,"column":8},"end":{"line":47,"column":9}},{"start":{"line":45,"column":15},"end":{"line":47,"column":9}}],"line":42},"2":{"loc":{"start":{"line":77,"column":27},"end":{"line":77,"column":102}},"type":"cond-expr","locations":[{"start":{"line":77,"column":72},"end":{"line":77,"column":86}},{"start":{"line":77,"column":89},"end":{"line":77,"column":102}}],"line":77}},"s":{"0":10,"1":10,"2":10,"3":10,"4":10,"5":3,"6":3,"7":3,"8":3,"9":0,"10":3,"11":10,"12":3,"13":1,"14":1,"15":2,"16":10,"17":1,"18":1,"19":1,"20":1,"21":0,"22":0,"23":10,"24":8,"25":3},"f":{"0":10,"1":3,"2":3,"3":3,"4":1,"5":1,"6":1,"7":0,"8":8,"9":3},"b":{"0":[1,2],"1":[1,0],"2":[3,5]},"_coverageSchema":"1a1c01bbd47fc00a2c39e90264f33305004495a9","hash":"43af692945f3d3fbd9416e0d658873871ade90e9"}
,"C:\\Users\\User\\Documents\\GitHub\\GameVault\\frontend\\src\\Pages\\Home.jsx": {"path":"C:\\Users\\User\\Documents\\GitHub\\GameVault\\frontend\\src\\Pages\\Home.jsx","statementMap":{"0":{"start":{"line":6,"column":21},"end":{"line":6,"column":55}},"1":{"start":{"line":7,"column":2},"end":{"line":7,"column":51}},"2":{"start":{"line":8,"column":28},"end":{"line":8,"column":40}},"3":{"start":{"line":9,"column":38},"end":{"line":9,"column":50}},"4":{"start":{"line":13,"column":0},"end":{"line":25,"column":7}},"5":{"start":{"line":15,"column":4},"end":{"line":22,"column":5}},"6":{"start":{"line":16,"column":23},"end":{"line":16,"column":65}},"7":{"start":{"line":17,"column":20},"end":{"line":17,"column":41}},"8":{"start":{"line":18,"column":6},"end":{"line":18,"column":24}},"9":{"start":{"line":19,"column":6},"end":{"line":19,"column":22}},"10":{"start":{"line":21,"column":6},"end":{"line":21,"column":52}},"11":{"start":{"line":24,"column":2},"end":{"line":24,"column":18}},"12":{"start":{"line":27,"column":0},"end":{"line":38,"column":7}},"13":{"start":{"line":29,"column":4},"end":{"line":35,"column":5}},"14":{"start":{"line":30,"column":23},"end":{"line":30,"column":70}},"15":{"start":{"line":31,"column":20},"end":{"line":31,"column":41}},"16":{"start":{"line":32,"column":6},"end":{"line":32,"column":27}},"17":{"start":{"line":34,"column":6},"end":{"line":34,"column":57}},"18":{"start":{"line":37,"column":2},"end":{"line":37,"column":23}},"19":{"start":{"line":41,"column":2},"end":{"line":72,"column":4}},"20":{"start":{"line":56,"column":10},"end":{"line":61,"column":13}},"21":{"start":{"line":67,"column":10},"end":{"line":68,"column":40}}},"fnMap":{"0":{"name":"Home","decl":{"start":{"line":5,"column":24},"end":{"line":5,"column":28}},"loc":{"start":{"line":5,"column":31},"end":{"line":73,"column":1}},"line":5},"1":{"name":"(anonymous_1)","decl":{"start":{"line":13,"column":10},"end":{"line":13,"column":11}},"loc":{"start":{"line":13,"column":16},"end":{"line":25,"column":1}},"line":13},"2":{"name":"carregarJogos","decl":{"start":{"line":14,"column":17},"end":{"line":14,"column":30}},"loc":{"start":{"line":14,"column":33},"end":{"line":23,"column":3}},"line":14},"3":{"name":"(anonymous_3)","decl":{"start":{"line":27,"column":10},"end":{"line":27,"column":11}},"loc":{"start":{"line":27,"column":16},"end":{"line":38,"column":1}},"line":27},"4":{"name":"carregarCategorias","decl":{"start":{"line":28,"column":17},"end":{"line":28,"column":35}},"loc":{"start":{"line":28,"column":38},"end":{"line":36,"column":3}},"line":28},"5":{"name":"(anonymous_5)","decl":{"start":{"line":55,"column":19},"end":{"line":55,"column":20}},"loc":{"start":{"line":56,"column":10},"end":{"line":61,"column":13}},"line":56},"6":{"name":"(anonymous_6)","decl":{"start":{"line":66,"column":24},"end":{"line":66,"column":25}},"loc":{"start":{"line":67,"column":10},"end":{"line":68,"column":40}},"line":67}},"branchMap":{},"s":{"0":7,"1":7,"2":7,"3":7,"4":7,"5":4,"6":4,"7":3,"8":3,"9":3,"10":1,"11":4,"12":7,"13":4,"14":4,"15":3,"16":3,"17":1,"18":4,"19":7,"20":1,"21":1},"f":{"0":7,"1":4,"2":4,"3":4,"4":4,"5":1,"6":1},"b":{},"_coverageSchema":"1a1c01bbd47fc00a2c39e90264f33305004495a9","hash":"0fc4ca54d358792f42ff78c9605f761c9a1ab89a"}
,"C:\\Users\\User\\Documents\\GitHub\\GameVault\\frontend\\src\\Pages\\Login.jsx": {"path":"C:\\Users\\User\\Documents\\GitHub\\GameVault\\frontend\\src\\Pages\\Login.jsx","statementMap":{"0":{"start":{"line":6,"column":28},"end":{"line":6,"column":40}},"1":{"start":{"line":7,"column":28},"end":{"line":7,"column":40}},"2":{"start":{"line":8,"column":19},"end":{"line":8,"column":32}},"3":{"start":{"line":10,"column":16},"end":{"line":39,"column":3}},"4":{"start":{"line":11,"column":4},"end":{"line":11,"column":23}},"5":{"start":{"line":13,"column":21},"end":{"line":17,"column":6}},"6":{"start":{"line":19,"column":18},"end":{"line":19,"column":39}},"7":{"start":{"line":22,"column":4},"end":{"line":38,"column":5}},"8":{"start":{"line":23,"column":6},"end":{"line":23,"column":40}},"9":{"start":{"line":24,"column":6},"end":{"line":24,"column":25}},"10":{"start":{"line":26,"column":6},"end":{"line":26,"column":59}},"11":{"start":{"line":28,"column":6},"end":{"line":34,"column":7}},"12":{"start":{"line":29,"column":8},"end":{"line":29,"column":51}},"13":{"start":{"line":30,"column":8},"end":{"line":30,"column":26}},"14":{"start":{"line":32,"column":8},"end":{"line":32,"column":56}},"15":{"start":{"line":33,"column":8},"end":{"line":33,"column":31}},"16":{"start":{"line":37,"column":6},"end":{"line":37,"column":49}},"17":{"start":{"line":41,"column":2},"end":{"line":93,"column":4}},"18":{"start":{"line":60,"column":31},"end":{"line":60,"column":55}},"19":{"start":{"line":68,"column":31},"end":{"line":68,"column":55}}},"fnMap":{"0":{"name":"Login","decl":{"start":{"line":5,"column":24},"end":{"line":5,"column":29}},"loc":{"start":{"line":5,"column":32},"end":{"line":94,"column":1}},"line":5},"1":{"name":"(anonymous_1)","decl":{"start":{"line":10,"column":16},"end":{"line":10,"column":17}},"loc":{"start":{"line":10,"column":29},"end":{"line":39,"column":3}},"line":10},"2":{"name":"(anonymous_2)","decl":{"start":{"line":60,"column":24},"end":{"line":60,"column":25}},"loc":{"start":{"line":60,"column":31},"end":{"line":60,"column":55}},"line":60},"3":{"name":"(anonymous_3)","decl":{"start":{"line":68,"column":24},"end":{"line":68,"column":25}},"loc":{"start":{"line":68,"column":31},"end":{"line":68,"column":55}},"line":68}},"branchMap":{"0":{"loc":{"start":{"line":22,"column":4},"end":{"line":38,"column":5}},"type":"if","locations":[{"start":{"line":22,"column":4},"end":{"line":38,"column":5}},{"start":{"line":36,"column":11},"end":{"line":38,"column":5}}],"line":22},"1":{"loc":{"start":{"line":28,"column":6},"end":{"line":34,"column":7}},"type":"if","locations":[{"start":{"line":28,"column":6},"end":{"line":34,"column":7}},{"start":{"line":31,"column":13},"end":{"line":34,"column":7}}],"line":28},"2":{"loc":{"start":{"line":37,"column":12},"end":{"line":37,"column":47}},"type":"binary-expr","locations":[{"start":{"line":37,"column":12},"end":{"line":37,"column":22}},{"start":{"line":37,"column":26},"end":{"line":37,"column":47}}],"line":37}},"s":{"0":6,"1":6,"2":6,"3":6,"4":2,"5":2,"6":2,"7":2,"8":1,"9":1,"10":1,"11":1,"12":1,"13":1,"14":0,"15":0,"16":1,"17":6,"18":2,"19":2},"f":{"0":6,"1":2,"2":2,"3":2},"b":{"0":[1,1],"1":[1,0],"2":[1,0]},"_coverageSchema":"1a1c01bbd47fc00a2c39e90264f33305004495a9","hash":"99675d7a2ea60b85d342c81ea8ab1e7813f3169d"}
,"C:\\Users\\User\\Documents\\GitHub\\GameVault\\frontend\\src\\Pages\\Perfil.jsx": {"path":"C:\\Users\\User\\Documents\\GitHub\\GameVault\\frontend\\src\\Pages\\Perfil.jsx","statementMap":{"0":{"start":{"line":8,"column":17},"end":{"line":8,"column":28}},"1":{"start":{"line":9,"column":32},"end":{"line":9,"column":46}},"2":{"start":{"line":11,"column":2},"end":{"line":29,"column":11}},"3":{"start":{"line":13,"column":6},"end":{"line":25,"column":7}},"4":{"start":{"line":14,"column":25},"end":{"line":14,"column":74}},"5":{"start":{"line":15,"column":22},"end":{"line":15,"column":43}},"6":{"start":{"line":16,"column":8},"end":{"line":16,"column":58}},"7":{"start":{"line":18,"column":8},"end":{"line":22,"column":9}},"8":{"start":{"line":19,"column":10},"end":{"line":19,"column":31}},"9":{"start":{"line":21,"column":10},"end":{"line":21,"column":57}},"10":{"start":{"line":24,"column":8},"end":{"line":24,"column":55}},"11":{"start":{"line":28,"column":4},"end":{"line":28,"column":19}},"12":{"start":{"line":31,"column":2},"end":{"line":33,"column":3}},"13":{"start":{"line":32,"column":4},"end":{"line":32,"column":36}},"14":{"start":{"line":35,"column":2},"end":{"line":48,"column":4}}},"fnMap":{"0":{"name":"Perfil","decl":{"start":{"line":7,"column":24},"end":{"line":7,"column":30}},"loc":{"start":{"line":7,"column":33},"end":{"line":49,"column":1}},"line":7},"1":{"name":"(anonymous_1)","decl":{"start":{"line":11,"column":12},"end":{"line":11,"column":13}},"loc":{"start":{"line":11,"column":18},"end":{"line":29,"column":3}},"line":11},"2":{"name":"buscarPerfil","decl":{"start":{"line":12,"column":19},"end":{"line":12,"column":31}},"loc":{"start":{"line":12,"column":34},"end":{"line":26,"column":5}},"line":12}},"branchMap":{"0":{"loc":{"start":{"line":18,"column":8},"end":{"line":22,"column":9}},"type":"if","locations":[{"start":{"line":18,"column":8},"end":{"line":22,"column":9}},{"start":{"line":20,"column":15},"end":{"line":22,"column":9}}],"line":18},"1":{"loc":{"start":{"line":21,"column":16},"end":{"line":21,"column":55}},"type":"binary-expr","locations":[{"start":{"line":21,"column":16},"end":{"line":21,"column":26}},{"start":{"line":21,"column":30},"end":{"line":21,"column":55}}],"line":21},"2":{"loc":{"start":{"line":31,"column":2},"end":{"line":33,"column":3}},"type":"if","locations":[{"start":{"line":31,"column":2},"end":{"line":33,"column":3}},{"start":{},"end":{}}],"line":31}},"s":{"0":4,"1":4,"2":4,"3":3,"4":3,"5":2,"6":2,"7":2,"8":2,"9":0,"10":1,"11":3,"12":4,"13":3,"14":1},"f":{"0":4,"1":3,"2":3},"b":{"0":[2,0],"1":[0,0],"2":[3,1]},"_coverageSchema":"1a1c01bbd47fc00a2c39e90264f33305004495a9","hash":"27644c94ca3712181d26e92e98cb754e6ce6979a"}
,"C:\\Users\\User\\Documents\\GitHub\\GameVault\\frontend\\src\\Pages\\Usuario.jsx": {"path":"C:\\Users\\User\\Documents\\GitHub\\GameVault\\frontend\\src\\Pages\\Usuario.jsx","statementMap":{"0":{"start":{"line":6,"column":34},"end":{"line":6,"column":46}},"1":{"start":{"line":8,"column":2},"end":{"line":12,"column":9}},"2":{"start":{"line":9,"column":4},"end":{"line":11,"column":41}},"3":{"start":{"line":10,"column":21},"end":{"line":10,"column":31}},"4":{"start":{"line":11,"column":22},"end":{"line":11,"column":39}},"5":{"start":{"line":14,"column":2},"end":{"line":23,"column":4}},"6":{"start":{"line":19,"column":10},"end":{"line":19,"column":47}}},"fnMap":{"0":{"name":"Usuarios","decl":{"start":{"line":5,"column":24},"end":{"line":5,"column":32}},"loc":{"start":{"line":5,"column":35},"end":{"line":24,"column":1}},"line":5},"1":{"name":"(anonymous_1)","decl":{"start":{"line":8,"column":12},"end":{"line":8,"column":13}},"loc":{"start":{"line":8,"column":18},"end":{"line":12,"column":3}},"line":8},"2":{"name":"(anonymous_2)","decl":{"start":{"line":10,"column":12},"end":{"line":10,"column":13}},"loc":{"start":{"line":10,"column":21},"end":{"line":10,"column":31}},"line":10},"3":{"name":"(anonymous_3)","decl":{"start":{"line":11,"column":12},"end":{"line":11,"column":13}},"loc":{"start":{"line":11,"column":22},"end":{"line":11,"column":39}},"line":11},"4":{"name":"(anonymous_4)","decl":{"start":{"line":18,"column":22},"end":{"line":18,"column":23}},"loc":{"start":{"line":19,"column":10},"end":{"line":19,"column":47}},"line":19}},"branchMap":{},"s":{"0":3,"1":3,"2":2,"3":2,"4":2,"5":3,"6":2},"f":{"0":3,"1":2,"2":2,"3":2,"4":2},"b":{},"_coverageSchema":"1a1c01bbd47fc00a2c39e90264f33305004495a9","hash":"59689506e081fe538786c16c6ad2423b3c06a720"}
}
