TN:
SF:src\Pages\Cadastro.jsx
FN:5,Cadastro
FN:13,(anonymous_1)
FN:52,(anonymous_2)
FN:63,(anonymous_3)
FN:74,(anonymous_4)
FN:85,(anonymous_5)
FN:96,(anonymous_6)
FNF:7
FNH:7
FNDA:12,Cadastro
FNDA:2,(anonymous_1)
FNDA:2,(anonymous_2)
FNDA:2,(anonymous_3)
FNDA:2,(anonymous_4)
FNDA:2,(anonymous_5)
FNDA:2,(anonymous_6)
DA:6,12
DA:7,12
DA:8,12
DA:9,12
DA:10,12
DA:11,12
DA:13,12
DA:14,2
DA:16,2
DA:22,2
DA:24,2
DA:25,1
DA:26,1
DA:27,1
DA:30,1
DA:34,12
DA:52,2
DA:63,2
DA:74,2
DA:85,2
DA:96,2
LF:21
LH:21
BRDA:24,0,0,1
BRDA:24,0,1,1
BRDA:30,1,0,1
BRDA:30,1,1,0
BRF:4
BRH:3
end_of_record
TN:
SF:src\Pages\Cadastro2.jsx
FN:5,Cadastro2
FN:12,(anonymous_1)
FN:13,carregarCategorias
FN:25,(anonymous_3)
FN:27,(anonymous_4)
FN:32,(anonymous_5)
FN:41,(anonymous_6)
FN:49,(anonymous_7)
FN:73,(anonymous_8)
FN:76,(anonymous_9)
FNF:10
FNH:9
FNDA:10,Cadastro2
FNDA:3,(anonymous_1)
FNDA:3,carregarCategorias
FNDA:3,(anonymous_3)
FNDA:1,(anonymous_4)
FNDA:1,(anonymous_5)
FNDA:1,(anonymous_6)
FNDA:0,(anonymous_7)
FNDA:8,(anonymous_8)
FNDA:3,(anonymous_9)
DA:6,10
DA:7,10
DA:8,10
DA:9,10
DA:12,10
DA:14,3
DA:15,3
DA:16,3
DA:17,3
DA:19,0
DA:22,3
DA:25,10
DA:26,3
DA:27,1
DA:29,2
DA:32,10
DA:33,1
DA:42,1
DA:43,1
DA:44,1
DA:46,0
DA:49,0
DA:52,10
DA:74,8
DA:76,3
LF:25
LH:22
BRDA:26,0,0,1
BRDA:26,0,1,2
BRDA:42,1,0,1
BRDA:42,1,1,0
BRDA:77,2,0,3
BRDA:77,2,1,5
BRF:6
BRH:5
end_of_record
TN:
SF:src\Pages\Home.jsx
FN:5,Home
FN:13,(anonymous_1)
FN:14,carregarJogos
FN:27,(anonymous_3)
FN:28,carregarCategorias
FN:55,(anonymous_5)
FN:66,(anonymous_6)
FNF:7
FNH:7
FNDA:7,Home
FNDA:4,(anonymous_1)
FNDA:4,carregarJogos
FNDA:4,(anonymous_3)
FNDA:4,carregarCategorias
FNDA:1,(anonymous_5)
FNDA:1,(anonymous_6)
DA:6,7
DA:7,7
DA:8,7
DA:9,7
DA:13,7
DA:15,4
DA:16,4
DA:17,3
DA:18,3
DA:19,3
DA:21,1
DA:24,4
DA:27,7
DA:29,4
DA:30,4
DA:31,3
DA:32,3
DA:34,1
DA:37,4
DA:41,7
DA:56,1
DA:67,1
LF:22
LH:22
BRF:0
BRH:0
end_of_record
TN:
SF:src\Pages\Login.jsx
FN:5,Login
FN:10,(anonymous_1)
FN:60,(anonymous_2)
FN:68,(anonymous_3)
FNF:4
FNH:4
FNDA:6,Login
FNDA:2,(anonymous_1)
FNDA:2,(anonymous_2)
FNDA:2,(anonymous_3)
DA:6,6
DA:7,6
DA:8,6
DA:10,6
DA:11,2
DA:13,2
DA:19,2
DA:22,2
DA:23,1
DA:24,1
DA:26,1
DA:28,1
DA:29,1
DA:30,1
DA:32,0
DA:33,0
DA:37,1
DA:41,6
DA:60,2
DA:68,2
LF:20
LH:18
BRDA:22,0,0,1
BRDA:22,0,1,1
BRDA:28,1,0,1
BRDA:28,1,1,0
BRDA:37,2,0,1
BRDA:37,2,1,0
BRF:6
BRH:4
end_of_record
TN:
SF:src\Pages\Perfil.jsx
FN:7,Perfil
FN:11,(anonymous_1)
FN:12,buscarPerfil
FNF:3
FNH:3
FNDA:4,Perfil
FNDA:3,(anonymous_1)
FNDA:3,buscarPerfil
DA:8,4
DA:9,4
DA:11,4
DA:13,3
DA:14,3
DA:15,2
DA:16,2
DA:18,2
DA:19,2
DA:21,0
DA:24,1
DA:28,3
DA:31,4
DA:32,3
DA:35,1
LF:15
LH:14
BRDA:18,0,0,2
BRDA:18,0,1,0
BRDA:21,1,0,0
BRDA:21,1,1,0
BRDA:31,2,0,3
BRDA:31,2,1,1
BRF:6
BRH:3
end_of_record
TN:
SF:src\Pages\Usuario.jsx
FN:5,Usuarios
FN:8,(anonymous_1)
FN:10,(anonymous_2)
FN:11,(anonymous_3)
FN:18,(anonymous_4)
FNF:5
FNH:5
FNDA:3,Usuarios
FNDA:2,(anonymous_1)
FNDA:2,(anonymous_2)
FNDA:2,(anonymous_3)
FNDA:2,(anonymous_4)
DA:6,3
DA:8,3
DA:9,2
DA:10,2
DA:11,2
DA:14,3
DA:19,2
LF:7
LH:7
BRF:0
BRH:0
end_of_record
