{"C:\\Users\\danie\\OneDrive\\Documentos\\GitHub\\GameVault\\backend\\src\\controllers\\usuarioController.js": {"path":"C:\\Users\\danie\\OneDrive\\Documentos\\GitHub\\GameVault\\backend\\src\\controllers\\usuarioController.js","statementMap":{"0":{"start":{"line":19,"column":2},"end":{"line":26,"column":3}},"1":{"start":{"line":20,"column":23},"end":{"line":20,"column":47}},"2":{"start":{"line":21,"column":4},"end":{"line":21,"column":25}},"3":{"start":{"line":24,"column":4},"end":{"line":24,"column":64}},"4":{"start":{"line":29,"column":2},"end":{"line":36,"column":3}},"5":{"start":{"line":30,"column":27},"end":{"line":30,"column":55}},"6":{"start":{"line":31,"column":4},"end":{"line":31,"column":29}},"7":{"start":{"line":34,"column":4},"end":{"line":34,"column":85}},"8":{"start":{"line":41,"column":27},"end":{"line":41,"column":35}},"9":{"start":{"line":43,"column":2},"end":{"line":53,"column":3}},"10":{"start":{"line":44,"column":20},"end":{"line":44,"column":57}},"11":{"start":{"line":46,"column":4},"end":{"line":50,"column":5}},"12":{"start":{"line":47,"column":6},"end":{"line":47,"column":60}},"13":{"start":{"line":49,"column":6},"end":{"line":49,"column":65}},"14":{"start":{"line":52,"column":4},"end":{"line":52,"column":58}},"15":{"start":{"line":58,"column":64},"end":{"line":58,"column":72}},"16":{"start":{"line":60,"column":6},"end":{"line":69,"column":7}},"17":{"start":{"line":61,"column":28},"end":{"line":61,"column":93}},"18":{"start":{"line":62,"column":8},"end":{"line":66,"column":9}},"19":{"start":{"line":63,"column":10},"end":{"line":63,"column":71}},"20":{"start":{"line":65,"column":10},"end":{"line":65,"column":70}},"21":{"start":{"line":68,"column":8},"end":{"line":68,"column":65}},"22":{"start":{"line":74,"column":39},"end":{"line":74,"column":47}},"23":{"start":{"line":75,"column":4},"end":{"line":80,"column":5}},"24":{"start":{"line":76,"column":6},"end":{"line":76,"column":55}},"25":{"start":{"line":77,"column":6},"end":{"line":77,"column":82}},"26":{"start":{"line":79,"column":6},"end":{"line":79,"column":98}},"27":{"start":{"line":85,"column":19},"end":{"line":85,"column":29}},"28":{"start":{"line":86,"column":4},"end":{"line":86,"column":36}},"29":{"start":{"line":87,"column":4},"end":{"line":97,"column":5}},"30":{"start":{"line":88,"column":22},"end":{"line":88,"column":45}},"31":{"start":{"line":89,"column":6},"end":{"line":91,"column":7}},"32":{"start":{"line":90,"column":8},"end":{"line":90,"column":72}},"33":{"start":{"line":92,"column":6},"end":{"line":92,"column":24}},"34":{"start":{"line":93,"column":6},"end":{"line":93,"column":48}},"35":{"start":{"line":96,"column":6},"end":{"line":96,"column":56}},"36":{"start":{"line":101,"column":4},"end":{"line":107,"column":5}},"37":{"start":{"line":102,"column":20},"end":{"line":102,"column":39}},"38":{"start":{"line":103,"column":6},"end":{"line":103,"column":22}},"39":{"start":{"line":106,"column":6},"end":{"line":106,"column":61}}},"fnMap":{"0":{"name":"getCategorias","decl":{"start":{"line":18,"column":22},"end":{"line":18,"column":35}},"loc":{"start":{"line":18,"column":51},"end":{"line":27,"column":1}},"line":18},"1":{"name":"getUsu_categ_pref","decl":{"start":{"line":28,"column":22},"end":{"line":28,"column":39}},"loc":{"start":{"line":28,"column":55},"end":{"line":37,"column":1}},"line":28},"2":{"name":"loginUsuario","decl":{"start":{"line":40,"column":22},"end":{"line":40,"column":34}},"loc":{"start":{"line":40,"column":45},"end":{"line":54,"column":1}},"line":40},"3":{"name":"cadastroUsuario","decl":{"start":{"line":57,"column":24},"end":{"line":57,"column":39}},"loc":{"start":{"line":57,"column":50},"end":{"line":70,"column":5}},"line":57},"4":{"name":"salvarCategorias","decl":{"start":{"line":73,"column":24},"end":{"line":73,"column":40}},"loc":{"start":{"line":73,"column":51},"end":{"line":81,"column":3}},"line":73},"5":{"name":"getUsuario","decl":{"start":{"line":84,"column":24},"end":{"line":84,"column":34}},"loc":{"start":{"line":84,"column":51},"end":{"line":98,"column":3}},"line":84},"6":{"name":"getJogos","decl":{"start":{"line":100,"column":24},"end":{"line":100,"column":32}},"loc":{"start":{"line":100,"column":49},"end":{"line":108,"column":3}},"line":100}},"branchMap":{"0":{"loc":{"start":{"line":46,"column":4},"end":{"line":50,"column":5}},"type":"if","locations":[{"start":{"line":46,"column":4},"end":{"line":50,"column":5}},{"start":{"line":48,"column":11},"end":{"line":50,"column":5}}],"line":46},"1":{"loc":{"start":{"line":62,"column":8},"end":{"line":66,"column":9}},"type":"if","locations":[{"start":{"line":62,"column":8},"end":{"line":66,"column":9}},{"start":{"line":64,"column":15},"end":{"line":66,"column":9}}],"line":62},"2":{"loc":{"start":{"line":89,"column":6},"end":{"line":91,"column":7}},"type":"if","locations":[{"start":{"line":89,"column":6},"end":{"line":91,"column":7}},{"start":{},"end":{}}],"line":89}},"s":{"0":1,"1":1,"2":1,"3":0,"4":1,"5":1,"6":1,"7":0,"8":1,"9":1,"10":1,"11":1,"12":1,"13":0,"14":0,"15":1,"16":1,"17":1,"18":1,"19":1,"20":0,"21":0,"22":1,"23":1,"24":1,"25":1,"26":0,"27":0,"28":0,"29":0,"30":0,"31":0,"32":0,"33":0,"34":0,"35":0,"36":0,"37":0,"38":0,"39":0},"f":{"0":1,"1":1,"2":1,"3":1,"4":1,"5":0,"6":0},"b":{"0":[1,0],"1":[1,0],"2":[0,0]},"inputSourceMap":null,"_coverageSchema":"1a1c01bbd47fc00a2c39e90264f33305004495a9","hash":"c4a372324d41436f776cc7cc4357fe635564e1ec"}
}
