TN:
SF:src\app.js
FNF:0
FNH:0
DA:11,2
DA:13,2
DA:14,2
DA:15,2
DA:17,2
DA:18,2
DA:20,2
DA:21,2
DA:23,2
DA:24,2
LF:10
LH:10
BRF:0
BRH:0
end_of_record
TN:
SF:src\multer.js
FN:17,(anonymous_0)
FN:20,(anonymous_1)
FNF:2
FNH:0
FNDA:0,(anonymous_0)
FNDA:0,(anonymous_1)
DA:6,2
DA:7,2
DA:10,2
DA:12,2
DA:13,0
DA:16,2
DA:18,0
DA:21,0
DA:22,0
DA:26,2
LF:10
LH:6
BRDA:12,0,0,0
BRDA:12,0,1,2
BRF:2
BRH:1
end_of_record
TN:
SF:src\server.js
FN:4,(anonymous_0)
FNF:1
FNH:0
FNDA:0,(anonymous_0)
DA:3,0
DA:4,0
DA:5,0
LF:3
LH:0
BRF:0
BRH:0
end_of_record
TN:
SF:src\config\db.js
FN:3,conectar
FNF:1
FNH:1
FNDA:23,conectar
DA:5,23
DA:7,2
DA:15,2
DA:19,23
LF:4
LH:4
BRDA:5,0,0,2
BRDA:5,0,1,21
BRDA:5,1,0,23
BRDA:5,1,1,21
BRF:4
BRH:4
end_of_record
TN:
SF:src\controllers\adminController.js
FN:5,loginAdmin
FN:23,getCategorias
FN:42,getnovaCategoria
FN:50,postnovaCategoria
FN:84,getatualizarCategoria
FN:106,postAtualizarCategoria
FN:146,excluirCategoria
FN:206,getUsuarios
FN:231,getNovoUsuario
FN:240,postNovoUsuario
FN:277,getAtualizarUsuario
FN:307,postAtualizarUsuario
FN:340,excluirUsuario
FN:370,getPreferencias
FN:397,getNovaPreferencia
FN:420,postNovaPreferencia
FN:441,excluirPreferencia
FNF:17
FNH:10
FNDA:0,loginAdmin
FNDA:3,getCategorias
FNDA:1,getnovaCategoria
FNDA:3,postnovaCategoria
FNDA:1,getatualizarCategoria
FNDA:2,postAtualizarCategoria
FNDA:0,excluirCategoria
FNDA:1,getUsuarios
FNDA:1,getNovoUsuario
FNDA:2,postNovoUsuario
FNDA:2,getAtualizarUsuario
FNDA:0,postAtualizarUsuario
FNDA:0,excluirUsuario
FNDA:2,getPreferencias
FNDA:0,getNovaPreferencia
FNDA:0,postNovaPreferencia
FNDA:0,excluirPreferencia
DA:6,0
DA:8,0
DA:9,0
DA:11,0
DA:12,0
DA:13,0
DA:14,0
DA:16,0
DA:19,0
DA:24,3
DA:25,3
DA:27,3
DA:34,0
DA:43,1
DA:51,3
DA:54,3
DA:56,0
DA:64,3
DA:65,3
DA:67,1
DA:75,2
DA:76,2
DA:85,1
DA:87,1
DA:88,1
DA:90,0
DA:97,1
DA:107,2
DA:108,2
DA:111,2
DA:113,0
DA:122,2
DA:123,2
DA:124,2
DA:125,2
DA:127,0
DA:135,2
DA:136,2
DA:147,0
DA:150,0
DA:151,0
DA:153,0
DA:154,0
DA:163,0
DA:164,0
DA:166,0
DA:167,0
DA:176,0
DA:177,0
DA:178,0
DA:179,0
DA:189,0
DA:190,0
DA:191,0
DA:207,1
DA:208,1
DA:209,1
DA:210,1
DA:219,0
DA:220,0
DA:232,1
DA:241,2
DA:242,2
DA:243,0
DA:250,2
DA:251,2
DA:252,2
DA:258,0
DA:259,0
DA:260,0
DA:267,0
DA:268,0
DA:278,2
DA:279,2
DA:280,2
DA:281,2
DA:282,0
DA:288,2
DA:296,0
DA:297,0
DA:308,0
DA:309,0
DA:310,0
DA:311,0
DA:318,0
DA:319,0
DA:320,0
DA:328,0
DA:329,0
DA:341,0
DA:342,0
DA:343,0
DA:344,0
DA:345,0
DA:354,0
DA:371,2
DA:372,2
DA:373,2
DA:374,2
DA:376,2
DA:385,0
DA:386,0
DA:398,0
DA:399,0
DA:400,0
DA:401,0
DA:402,0
DA:411,0
DA:412,0
DA:421,0
DA:422,0
DA:423,0
DA:424,0
DA:425,0
DA:432,0
DA:433,0
DA:442,0
DA:444,0
DA:445,0
DA:446,0
DA:454,0
DA:455,0
LF:122
LH:44
BRDA:11,0,0,0
BRDA:11,0,1,0
BRDA:54,1,0,0
BRDA:54,1,1,3
BRDA:65,2,0,1
BRDA:65,2,1,2
BRDA:88,3,0,0
BRDA:88,3,1,1
BRDA:111,4,0,0
BRDA:111,4,1,2
BRDA:125,5,0,0
BRDA:125,5,1,2
BRDA:125,6,0,2
BRDA:125,6,1,0
BRDA:151,7,0,0
BRDA:151,7,1,0
BRDA:164,8,0,0
BRDA:164,8,1,0
BRDA:177,9,0,0
BRDA:177,9,1,0
BRDA:209,10,0,1
BRDA:209,10,1,0
BRDA:242,11,0,0
BRDA:242,11,1,2
BRDA:242,12,0,2
BRDA:242,12,1,2
BRDA:242,12,2,2
BRDA:242,12,3,2
BRDA:242,12,4,2
BRDA:251,13,0,2
BRDA:251,13,1,0
BRDA:281,14,0,0
BRDA:281,14,1,2
BRDA:310,15,0,0
BRDA:310,15,1,0
BRDA:310,16,0,0
BRDA:310,16,1,0
BRDA:310,16,2,0
BRDA:310,16,3,0
BRDA:310,16,4,0
BRDA:357,17,0,0
BRDA:357,17,1,0
BRDA:435,18,0,0
BRDA:435,18,1,0
BRDA:435,18,2,0
BRF:45
BRH:16
end_of_record
TN:
SF:src\controllers\usuarioController.js
FN:6,getCategorias
FN:16,getUsu_categ_pref
FN:28,loginUsuario
FN:48,cadastroUsuario
FN:64,salvarCategorias
FN:76,getUsuario
FN:93,uploadPerfil
FN:103,getJogos
FN:113,verificarLogin
FNF:9
FNH:8
FNDA:1,getCategorias
FNDA:1,getUsu_categ_pref
FNDA:3,loginUsuario
FNDA:3,cadastroUsuario
FNDA:2,salvarCategorias
FNDA:1,getUsuario
FNDA:2,uploadPerfil
FNDA:1,getJogos
FNDA:0,verificarLogin
DA:7,1
DA:8,1
DA:9,1
DA:12,0
DA:17,1
DA:18,1
DA:19,1
DA:22,0
DA:29,3
DA:31,3
DA:32,3
DA:34,2
DA:35,1
DA:37,1
DA:38,1
DA:40,1
DA:43,1
DA:49,3
DA:51,3
DA:52,3
DA:53,2
DA:54,1
DA:56,1
DA:59,1
DA:65,2
DA:66,2
DA:67,2
DA:68,2
DA:69,1
DA:71,1
DA:77,1
DA:78,1
DA:79,1
DA:80,1
DA:81,1
DA:82,0
DA:84,1
DA:85,1
DA:88,0
DA:94,2
DA:95,2
DA:97,2
DA:98,1
DA:99,1
DA:104,1
DA:105,1
DA:106,1
DA:109,0
DA:114,0
DA:115,0
DA:117,0
LF:51
LH:43
BRDA:34,0,0,1
BRDA:34,0,1,1
BRDA:53,1,0,1
BRDA:53,1,1,1
BRDA:81,2,0,0
BRDA:81,2,1,1
BRDA:95,3,0,1
BRDA:95,3,1,1
BRDA:97,4,0,1
BRDA:97,4,1,1
BRDA:114,5,0,0
BRDA:114,5,1,0
BRDA:114,6,0,0
BRDA:114,6,1,0
BRF:14
BRH:9
end_of_record
TN:
SF:src\models\adminModel.js
FN:4,autenticarAdmin
FN:11,listarUsuarios
FN:17,adminBuscarCategoriasJogos
FN:32,adminBuscarCategoria
FN:40,adminInserirCategoria
FN:47,adminBuscarCategoriaPorCodigo
FN:53,adminAtualizarCategoria
FN:59,adminVerificarQtdJogosCategoria
FN:66,adminExcluirCategoria
FN:71,adminExistePreferenciaCategoria
FN:80,adminInserirUsuario
FN:85,buscarNomeUsuario
FN:92,adminBuscarUsuarioPorCodigo
FN:99,adminAtualizarUsuario
FN:105,adminExcluirUsuario
FN:118,buscarPreferencias
FN:125,deletarPreferencia
FNF:17
FNH:9
FNDA:0,autenticarAdmin
FNDA:3,listarUsuarios
FNDA:3,adminBuscarCategoriasJogos
FNDA:5,adminBuscarCategoria
FNDA:2,adminInserirCategoria
FNDA:1,adminBuscarCategoriaPorCodigo
FNDA:2,adminAtualizarCategoria
FNDA:0,adminVerificarQtdJogosCategoria
FNDA:0,adminExcluirCategoria
FNDA:0,adminExistePreferenciaCategoria
FNDA:0,adminInserirUsuario
FNDA:2,buscarNomeUsuario
FNDA:2,adminBuscarUsuarioPorCodigo
FNDA:0,adminAtualizarUsuario
FNDA:0,adminExcluirUsuario
FNDA:3,buscarPreferencias
FNDA:0,deletarPreferencia
DA:5,0
DA:6,0
DA:7,0
DA:8,0
DA:12,3
DA:13,3
DA:14,3
DA:18,3
DA:19,3
DA:28,3
DA:29,3
DA:33,5
DA:34,5
DA:35,5
DA:36,5
DA:37,4
DA:41,2
DA:42,2
DA:44,2
DA:48,1
DA:49,1
DA:50,1
DA:51,1
DA:55,2
DA:56,2
DA:57,2
DA:60,0
DA:61,0
DA:63,0
DA:64,0
DA:67,0
DA:68,0
DA:69,0
DA:72,0
DA:73,0
DA:75,0
DA:77,0
DA:81,0
DA:82,0
DA:83,0
DA:86,2
DA:87,2
DA:88,2
DA:89,2
DA:93,2
DA:94,2
DA:95,2
DA:96,2
DA:100,0
DA:101,0
DA:102,0
DA:106,0
DA:107,0
DA:108,0
DA:109,0
DA:110,0
DA:112,0
DA:113,0
DA:119,3
DA:120,3
DA:121,3
DA:122,3
DA:126,0
DA:127,0
DA:128,0
LF:65
LH:34
BRDA:8,0,0,0
BRDA:8,0,1,0
BRDA:8,1,0,0
BRDA:8,1,1,0
BRDA:36,2,0,1
BRDA:36,2,1,4
BRDA:51,3,0,1
BRDA:51,3,1,0
BRDA:89,4,0,2
BRDA:89,4,1,0
BRDA:96,5,0,1
BRDA:96,5,1,1
BRDA:96,6,0,2
BRDA:96,6,1,2
BRDA:109,7,0,0
BRDA:109,7,1,0
BRF:16
BRH:8
end_of_record
TN:
SF:src\models\usuarioModel.js
FN:9,autenticarUsuario
FN:20,criarUsuario
FN:26,buscarCategorias
FN:32,categoriaEscolhida
FN:35,(anonymous_4)
FN:39,buscarUsu_categ_pref
FN:45,buscarUsuario
FN:51,inserirFoto
FN:57,buscarJogos
FNF:9
FNH:1
FNDA:2,autenticarUsuario
FNDA:0,criarUsuario
FNDA:0,buscarCategorias
FNDA:0,categoriaEscolhida
FNDA:0,(anonymous_4)
FNDA:0,buscarUsu_categ_pref
FNDA:0,buscarUsuario
FNDA:0,inserirFoto
FNDA:0,buscarJogos
DA:10,2
DA:11,2
DA:12,2
DA:13,2
DA:15,2
DA:17,2
DA:21,0
DA:22,0
DA:23,0
DA:27,0
DA:28,0
DA:29,0
DA:33,0
DA:34,0
DA:35,0
DA:36,0
DA:40,0
DA:41,0
DA:42,0
DA:46,0
DA:47,0
DA:48,0
DA:52,0
DA:53,0
DA:54,0
DA:58,0
DA:59,0
DA:60,0
LF:28
LH:6
BRDA:15,0,0,2
BRDA:15,0,1,2
BRF:2
BRH:2
end_of_record
TN:
SF:src\routes\adminRoutes.js
FNF:0
FNH:0
DA:4,2
DA:6,2
DA:9,2
DA:10,2
DA:11,2
DA:12,2
DA:13,2
DA:14,2
DA:17,2
DA:19,2
DA:20,2
DA:21,2
DA:22,2
DA:23,2
DA:25,2
DA:26,2
DA:27,2
DA:28,2
LF:18
LH:18
BRF:0
BRH:0
end_of_record
TN:
SF:src\routes\usuarioRoutes.js
FNF:0
FNH:0
DA:5,2
DA:7,2
DA:8,2
DA:9,2
DA:10,2
DA:11,2
DA:12,2
DA:13,2
DA:14,2
LF:9
LH:9
BRF:0
BRH:0
end_of_record
